[2025-12-31 05:29:50] WARNING: Undefined array key "version" in /Users/dabyd/www/dabyd/html/wp-content/plugins/code-profiler/lib/helper.php on line 144
Stack trace:
  #0 /Users/dabyd/www/dabyd/html/wp-content/plugins/code-profiler/lib/helper.php(144): IkigaiErrorHandler->handle_error()
  #1 /Users/dabyd/www/dabyd/html/wp-includes/class-wp-hook.php(341): code_profiler_init_update()
  #2 /Users/dabyd/www/dabyd/html/wp-includes/class-wp-hook.php(365): WP_Hook->apply_filters()
  #3 /Users/dabyd/www/dabyd/html/wp-includes/plugin.php(522): WP_Hook->do_action()
  #4 /Users/dabyd/www/dabyd/html/wp-admin/admin.php(180): do_action()
--------------------------------------------------------------------------------

[2025-12-31 05:29:50] DEPRECATED: version_compare(): Passing null to parameter #1 ($version1) of type string is deprecated in /Users/dabyd/www/dabyd/html/wp-content/plugins/code-profiler/lib/helper.php on line 144
Stack trace:
  #0 [internal function](): IkigaiErrorHandler->handle_error()
  #1 /Users/dabyd/www/dabyd/html/wp-content/plugins/code-profiler/lib/helper.php(144): version_compare()
  #2 /Users/dabyd/www/dabyd/html/wp-includes/class-wp-hook.php(341): code_profiler_init_update()
  #3 /Users/dabyd/www/dabyd/html/wp-includes/class-wp-hook.php(365): WP_Hook->apply_filters()
  #4 /Users/dabyd/www/dabyd/html/wp-includes/plugin.php(522): WP_Hook->do_action()
--------------------------------------------------------------------------------

[2025-12-31 05:29:50] WARNING: Undefined array key "version" in /Users/dabyd/www/dabyd/html/wp-content/plugins/code-profiler/lib/helper.php on line 151
Stack trace:
  #0 /Users/dabyd/www/dabyd/html/wp-content/plugins/code-profiler/lib/helper.php(151): IkigaiErrorHandler->handle_error()
  #1 /Users/dabyd/www/dabyd/html/wp-includes/class-wp-hook.php(341): code_profiler_init_update()
  #2 /Users/dabyd/www/dabyd/html/wp-includes/class-wp-hook.php(365): WP_Hook->apply_filters()
  #3 /Users/dabyd/www/dabyd/html/wp-includes/plugin.php(522): WP_Hook->do_action()
  #4 /Users/dabyd/www/dabyd/html/wp-admin/admin.php(180): do_action()
--------------------------------------------------------------------------------

[2025-12-31 05:29:50] DEPRECATED: version_compare(): Passing null to parameter #1 ($version1) of type string is deprecated in /Users/dabyd/www/dabyd/html/wp-content/plugins/code-profiler/lib/helper.php on line 151
Stack trace:
  #0 [internal function](): IkigaiErrorHandler->handle_error()
  #1 /Users/dabyd/www/dabyd/html/wp-content/plugins/code-profiler/lib/helper.php(151): version_compare()
  #2 /Users/dabyd/www/dabyd/html/wp-includes/class-wp-hook.php(341): code_profiler_init_update()
  #3 /Users/dabyd/www/dabyd/html/wp-includes/class-wp-hook.php(365): WP_Hook->apply_filters()
  #4 /Users/dabyd/www/dabyd/html/wp-includes/plugin.php(522): WP_Hook->do_action()
--------------------------------------------------------------------------------

[2025-12-31 05:29:50] WARNING: Undefined array key "version" in /Users/dabyd/www/dabyd/html/wp-content/plugins/code-profiler/lib/helper.php on line 158
Stack trace:
  #0 /Users/dabyd/www/dabyd/html/wp-content/plugins/code-profiler/lib/helper.php(158): IkigaiErrorHandler->handle_error()
  #1 /Users/dabyd/www/dabyd/html/wp-includes/class-wp-hook.php(341): code_profiler_init_update()
  #2 /Users/dabyd/www/dabyd/html/wp-includes/class-wp-hook.php(365): WP_Hook->apply_filters()
  #3 /Users/dabyd/www/dabyd/html/wp-includes/plugin.php(522): WP_Hook->do_action()
  #4 /Users/dabyd/www/dabyd/html/wp-admin/admin.php(180): do_action()
--------------------------------------------------------------------------------

[2025-12-31 05:29:50] DEPRECATED: version_compare(): Passing null to parameter #1 ($version1) of type string is deprecated in /Users/dabyd/www/dabyd/html/wp-content/plugins/code-profiler/lib/helper.php on line 158
Stack trace:
  #0 [internal function](): IkigaiErrorHandler->handle_error()
  #1 /Users/dabyd/www/dabyd/html/wp-content/plugins/code-profiler/lib/helper.php(158): version_compare()
  #2 /Users/dabyd/www/dabyd/html/wp-includes/class-wp-hook.php(341): code_profiler_init_update()
  #3 /Users/dabyd/www/dabyd/html/wp-includes/class-wp-hook.php(365): WP_Hook->apply_filters()
  #4 /Users/dabyd/www/dabyd/html/wp-includes/plugin.php(522): WP_Hook->do_action()
--------------------------------------------------------------------------------

[2025-12-31 05:29:50] WARNING: Undefined array key "version" in /Users/dabyd/www/dabyd/html/wp-content/plugins/code-profiler/lib/helper.php on line 165
Stack trace:
  #0 /Users/dabyd/www/dabyd/html/wp-content/plugins/code-profiler/lib/helper.php(165): IkigaiErrorHandler->handle_error()
  #1 /Users/dabyd/www/dabyd/html/wp-includes/class-wp-hook.php(341): code_profiler_init_update()
  #2 /Users/dabyd/www/dabyd/html/wp-includes/class-wp-hook.php(365): WP_Hook->apply_filters()
  #3 /Users/dabyd/www/dabyd/html/wp-includes/plugin.php(522): WP_Hook->do_action()
  #4 /Users/dabyd/www/dabyd/html/wp-admin/admin.php(180): do_action()
--------------------------------------------------------------------------------

[2025-12-31 05:29:50] DEPRECATED: version_compare(): Passing null to parameter #1 ($version1) of type string is deprecated in /Users/dabyd/www/dabyd/html/wp-content/plugins/code-profiler/lib/helper.php on line 165
Stack trace:
  #0 [internal function](): IkigaiErrorHandler->handle_error()
  #1 /Users/dabyd/www/dabyd/html/wp-content/plugins/code-profiler/lib/helper.php(165): version_compare()
  #2 /Users/dabyd/www/dabyd/html/wp-includes/class-wp-hook.php(341): code_profiler_init_update()
  #3 /Users/dabyd/www/dabyd/html/wp-includes/class-wp-hook.php(365): WP_Hook->apply_filters()
  #4 /Users/dabyd/www/dabyd/html/wp-includes/plugin.php(522): WP_Hook->do_action()
--------------------------------------------------------------------------------

[2025-12-31 05:29:50] WARNING: Undefined array key "version" in /Users/dabyd/www/dabyd/html/wp-content/plugins/code-profiler/lib/helper.php on line 172
Stack trace:
  #0 /Users/dabyd/www/dabyd/html/wp-content/plugins/code-profiler/lib/helper.php(172): IkigaiErrorHandler->handle_error()
  #1 /Users/dabyd/www/dabyd/html/wp-includes/class-wp-hook.php(341): code_profiler_init_update()
  #2 /Users/dabyd/www/dabyd/html/wp-includes/class-wp-hook.php(365): WP_Hook->apply_filters()
  #3 /Users/dabyd/www/dabyd/html/wp-includes/plugin.php(522): WP_Hook->do_action()
  #4 /Users/dabyd/www/dabyd/html/wp-admin/admin.php(180): do_action()
--------------------------------------------------------------------------------

[2025-12-31 05:29:50] DEPRECATED: version_compare(): Passing null to parameter #1 ($version1) of type string is deprecated in /Users/dabyd/www/dabyd/html/wp-content/plugins/code-profiler/lib/helper.php on line 172
Stack trace:
  #0 [internal function](): IkigaiErrorHandler->handle_error()
  #1 /Users/dabyd/www/dabyd/html/wp-content/plugins/code-profiler/lib/helper.php(172): version_compare()
  #2 /Users/dabyd/www/dabyd/html/wp-includes/class-wp-hook.php(341): code_profiler_init_update()
  #3 /Users/dabyd/www/dabyd/html/wp-includes/class-wp-hook.php(365): WP_Hook->apply_filters()
  #4 /Users/dabyd/www/dabyd/html/wp-includes/plugin.php(522): WP_Hook->do_action()
--------------------------------------------------------------------------------

[2025-12-31 05:29:50] WARNING: Undefined array key "version" in /Users/dabyd/www/dabyd/html/wp-content/plugins/code-profiler/lib/helper.php on line 179
Stack trace:
  #0 /Users/dabyd/www/dabyd/html/wp-content/plugins/code-profiler/lib/helper.php(179): IkigaiErrorHandler->handle_error()
  #1 /Users/dabyd/www/dabyd/html/wp-includes/class-wp-hook.php(341): code_profiler_init_update()
  #2 /Users/dabyd/www/dabyd/html/wp-includes/class-wp-hook.php(365): WP_Hook->apply_filters()
  #3 /Users/dabyd/www/dabyd/html/wp-includes/plugin.php(522): WP_Hook->do_action()
  #4 /Users/dabyd/www/dabyd/html/wp-admin/admin.php(180): do_action()
--------------------------------------------------------------------------------

[2025-12-31 05:29:50] DEPRECATED: version_compare(): Passing null to parameter #1 ($version1) of type string is deprecated in /Users/dabyd/www/dabyd/html/wp-content/plugins/code-profiler/lib/helper.php on line 179
Stack trace:
  #0 [internal function](): IkigaiErrorHandler->handle_error()
  #1 /Users/dabyd/www/dabyd/html/wp-content/plugins/code-profiler/lib/helper.php(179): version_compare()
  #2 /Users/dabyd/www/dabyd/html/wp-includes/class-wp-hook.php(341): code_profiler_init_update()
  #3 /Users/dabyd/www/dabyd/html/wp-includes/class-wp-hook.php(365): WP_Hook->apply_filters()
  #4 /Users/dabyd/www/dabyd/html/wp-includes/plugin.php(522): WP_Hook->do_action()
--------------------------------------------------------------------------------

[2025-12-31 05:29:50] WARNING: Undefined array key "version" in /Users/dabyd/www/dabyd/html/wp-content/plugins/code-profiler/lib/helper.php on line 231
Stack trace:
  #0 /Users/dabyd/www/dabyd/html/wp-content/plugins/code-profiler/lib/helper.php(231): IkigaiErrorHandler->handle_error()
  #1 /Users/dabyd/www/dabyd/html/wp-includes/class-wp-hook.php(341): code_profiler_init_update()
  #2 /Users/dabyd/www/dabyd/html/wp-includes/class-wp-hook.php(365): WP_Hook->apply_filters()
  #3 /Users/dabyd/www/dabyd/html/wp-includes/plugin.php(522): WP_Hook->do_action()
  #4 /Users/dabyd/www/dabyd/html/wp-admin/admin.php(180): do_action()
--------------------------------------------------------------------------------

[2025-12-31 05:29:50] DEPRECATED: version_compare(): Passing null to parameter #1 ($version1) of type string is deprecated in /Users/dabyd/www/dabyd/html/wp-content/plugins/code-profiler/lib/helper.php on line 231
Stack trace:
  #0 [internal function](): IkigaiErrorHandler->handle_error()
  #1 /Users/dabyd/www/dabyd/html/wp-content/plugins/code-profiler/lib/helper.php(231): version_compare()
  #2 /Users/dabyd/www/dabyd/html/wp-includes/class-wp-hook.php(341): code_profiler_init_update()
  #3 /Users/dabyd/www/dabyd/html/wp-includes/class-wp-hook.php(365): WP_Hook->apply_filters()
  #4 /Users/dabyd/www/dabyd/html/wp-includes/plugin.php(522): WP_Hook->do_action()
--------------------------------------------------------------------------------

[2025-12-31 05:31:03] WARNING: Undefined array key "name" in /Users/dabyd/www/dabyd/html/wp-content/plugins/code-profiler/lib/class-report.php on line 175
Stack trace:
  #0 /Users/dabyd/www/dabyd/html/wp-content/plugins/code-profiler/lib/class-report.php(175): IkigaiErrorHandler->handle_error()
  #1 /Users/dabyd/www/dabyd/html/wp-content/plugins/code-profiler/lib/class-report.php(96): CodeProfiler_Report->save_data()
  #2 /Users/dabyd/www/dabyd/html/wp-content/plugins/code-profiler/lib/ajax.php(728): CodeProfiler_Report->prepare_report()
  #3 /Users/dabyd/www/dabyd/html/wp-includes/class-wp-hook.php(341): codeprofiler_prepare_report()
  #4 /Users/dabyd/www/dabyd/html/wp-includes/class-wp-hook.php(365): WP_Hook->apply_filters()
--------------------------------------------------------------------------------

