[2026-01-16 11:30:30] WARNING: foreach() argument must be of type array|object, string given in /Users/dabyd/www/dabyd/html/wp-content/themes/ikigai/moduls/hero_slider/modul.php on line 16
Stack trace:
  #0 /Users/dabyd/www/dabyd/html/wp-content/themes/ikigai/moduls/hero_slider/modul.php(16): IkigaiErrorHandler->handle_error()
  #1 /Users/dabyd/www/dabyd/html/wp-content/themes/ikigai/admin/functions/functions-core.php(439): require()
  #2 /Users/dabyd/www/dabyd/html/wp-content/themes/ikigai/admin/functions/functions-core.php(424): ikg_load_modul()
  #3 /Users/dabyd/www/dabyd/html/wp-content/themes/ikigai/index.php(13): ikg_pinta_pagina_acf()
  #4 /Users/dabyd/www/dabyd/html/wp-content/themes/ikigai/page.php(2): require_once()
--------------------------------------------------------------------------------

[2026-01-16 11:30:51] WARNING: foreach() argument must be of type array|object, string given in /Users/dabyd/www/dabyd/html/wp-content/themes/ikigai/moduls/hero_slider/modul.php on line 16
Stack trace:
  #0 /Users/dabyd/www/dabyd/html/wp-content/themes/ikigai/moduls/hero_slider/modul.php(16): IkigaiErrorHandler->handle_error()
  #1 /Users/dabyd/www/dabyd/html/wp-content/themes/ikigai/admin/functions/functions-core.php(439): require()
  #2 /Users/dabyd/www/dabyd/html/wp-content/themes/ikigai/admin/functions/functions-core.php(424): ikg_load_modul()
  #3 /Users/dabyd/www/dabyd/html/wp-content/themes/ikigai/index.php(13): ikg_pinta_pagina_acf()
  #4 /Users/dabyd/www/dabyd/html/wp-content/themes/ikigai/page.php(2): require_once()
--------------------------------------------------------------------------------

[2026-01-16 11:35:48] WARNING: foreach() argument must be of type array|object, string given in /Users/dabyd/www/dabyd/html/wp-content/themes/ikigai/moduls/hero_slider/modul.php on line 16
Stack trace:
  #0 /Users/dabyd/www/dabyd/html/wp-content/themes/ikigai/moduls/hero_slider/modul.php(16): IkigaiErrorHandler->handle_error()
  #1 /Users/dabyd/www/dabyd/html/wp-content/themes/ikigai/admin/functions/functions-core.php(439): require()
  #2 /Users/dabyd/www/dabyd/html/wp-content/themes/ikigai/admin/functions/functions-core.php(424): ikg_load_modul()
  #3 /Users/dabyd/www/dabyd/html/wp-content/themes/ikigai/index.php(13): ikg_pinta_pagina_acf()
  #4 /Users/dabyd/www/dabyd/html/wp-content/themes/ikigai/page.php(2): require_once()
--------------------------------------------------------------------------------

[2026-01-16 11:44:08] WARNING: foreach() argument must be of type array|object, string given in /Users/dabyd/www/dabyd/html/wp-content/themes/ikigai/moduls/hero_slider/modul.php on line 16
Stack trace:
  #0 /Users/dabyd/www/dabyd/html/wp-content/themes/ikigai/moduls/hero_slider/modul.php(16): IkigaiErrorHandler->handle_error()
  #1 /Users/dabyd/www/dabyd/html/wp-content/themes/ikigai/admin/functions/functions-core.php(439): require()
  #2 /Users/dabyd/www/dabyd/html/wp-content/themes/ikigai/admin/functions/functions-core.php(424): ikg_load_modul()
  #3 /Users/dabyd/www/dabyd/html/wp-content/themes/ikigai/index.php(13): ikg_pinta_pagina_acf()
  #4 /Users/dabyd/www/dabyd/html/wp-content/themes/ikigai/page.php(2): require_once()
--------------------------------------------------------------------------------

[2026-01-16 12:34:12] EXCEPTION: Call to undefined method IkigaiFloatingWindow::getAssets() in /Users/dabyd/www/dabyd/html/wp-content/themes/ikigai/admin/classes/class-floating-window.php on line 74
Stack trace:
  #0 /Users/dabyd/www/dabyd/html/wp-content/themes/ikigai/admin/classes/class-floating-window.php(88): IkigaiFloatingWindow->render()
  #1 /Users/dabyd/www/dabyd/html/wp-content/themes/ikigai/admin/functions/functions-core.php(587): IkigaiFloatingWindow->show()
  #2 /Users/dabyd/www/dabyd/html/wp-content/themes/ikigai/moduls/hero_slider/modul.php(2): ikg_show_all_metas()
  #3 /Users/dabyd/www/dabyd/html/wp-content/themes/ikigai/admin/functions/functions-core.php(439): require()
  #4 /Users/dabyd/www/dabyd/html/wp-content/themes/ikigai/admin/functions/functions-core.php(424): ikg_load_modul()
  #5 /Users/dabyd/www/dabyd/html/wp-content/themes/ikigai/index.php(13): ikg_pinta_pagina_acf()
  #6 /Users/dabyd/www/dabyd/html/wp-content/themes/ikigai/page.php(2): require_once()
  #7 /Users/dabyd/www/dabyd/html/wp-includes/template-loader.php(125): include()
  #8 /Users/dabyd/www/dabyd/html/wp-blog-header.php(19): require_once()
  #9 /Users/dabyd/www/dabyd/html/index.php(17): require()
--------------------------------------------------------------------------------

[2026-01-16 12:34:30] EXCEPTION: Call to undefined method IkigaiFloatingWindow::getAssets() in /Users/dabyd/www/dabyd/html/wp-content/themes/ikigai/admin/classes/class-floating-window.php on line 74
Stack trace:
  #0 /Users/dabyd/www/dabyd/html/wp-content/themes/ikigai/admin/classes/class-floating-window.php(88): IkigaiFloatingWindow->render()
  #1 /Users/dabyd/www/dabyd/html/wp-content/themes/ikigai/admin/functions/functions-core.php(587): IkigaiFloatingWindow->show()
  #2 /Users/dabyd/www/dabyd/html/wp-content/themes/ikigai/moduls/hero_slider/modul.php(2): ikg_show_all_metas()
  #3 /Users/dabyd/www/dabyd/html/wp-content/themes/ikigai/admin/functions/functions-core.php(439): require()
  #4 /Users/dabyd/www/dabyd/html/wp-content/themes/ikigai/admin/functions/functions-core.php(424): ikg_load_modul()
  #5 /Users/dabyd/www/dabyd/html/wp-content/themes/ikigai/index.php(13): ikg_pinta_pagina_acf()
  #6 /Users/dabyd/www/dabyd/html/wp-content/themes/ikigai/page.php(2): require_once()
  #7 /Users/dabyd/www/dabyd/html/wp-includes/template-loader.php(125): include()
  #8 /Users/dabyd/www/dabyd/html/wp-blog-header.php(19): require_once()
  #9 /Users/dabyd/www/dabyd/html/index.php(17): require()
--------------------------------------------------------------------------------

[2026-01-16 12:35:20] WARNING: foreach() argument must be of type array|object, string given in /Users/dabyd/www/dabyd/html/wp-content/themes/ikigai/moduls/hero_slider/modul.php on line 16
Stack trace:
  #0 /Users/dabyd/www/dabyd/html/wp-content/themes/ikigai/moduls/hero_slider/modul.php(16): IkigaiErrorHandler->handle_error()
  #1 /Users/dabyd/www/dabyd/html/wp-content/themes/ikigai/admin/functions/functions-core.php(439): require()
  #2 /Users/dabyd/www/dabyd/html/wp-content/themes/ikigai/admin/functions/functions-core.php(424): ikg_load_modul()
  #3 /Users/dabyd/www/dabyd/html/wp-content/themes/ikigai/index.php(13): ikg_pinta_pagina_acf()
  #4 /Users/dabyd/www/dabyd/html/wp-content/themes/ikigai/page.php(2): require_once()
--------------------------------------------------------------------------------

[2026-01-16 12:35:42] WARNING: foreach() argument must be of type array|object, string given in /Users/dabyd/www/dabyd/html/wp-content/themes/ikigai/moduls/hero_slider/modul.php on line 16
Stack trace:
  #0 /Users/dabyd/www/dabyd/html/wp-content/themes/ikigai/moduls/hero_slider/modul.php(16): IkigaiErrorHandler->handle_error()
  #1 /Users/dabyd/www/dabyd/html/wp-content/themes/ikigai/admin/functions/functions-core.php(439): require()
  #2 /Users/dabyd/www/dabyd/html/wp-content/themes/ikigai/admin/functions/functions-core.php(424): ikg_load_modul()
  #3 /Users/dabyd/www/dabyd/html/wp-content/themes/ikigai/index.php(13): ikg_pinta_pagina_acf()
  #4 /Users/dabyd/www/dabyd/html/wp-content/themes/ikigai/page.php(2): require_once()
--------------------------------------------------------------------------------

