[2026-01-03 09:19:55] EXCEPTION: array_merge(): Argument #2 must be of type array, string given in /Users/dabyd/www/dabyd/html/wp-content/themes/ikigai/ikigai-videos.php on line 81
Stack trace:
  #0 /Users/dabyd/www/dabyd/html/wp-content/themes/ikigai/ikigai-videos.php(81): array_merge()
  #1 /Users/dabyd/www/dabyd/html/wp-content/themes/ikigai/ikigai-functions.php(94): IkigaiVideoClass->video()
  #2 /Users/dabyd/www/dabyd/html/wp-content/themes/ikigai/moduls/cta_and_text/modul.php(51): ikg_get_video()
  #3 /Users/dabyd/www/dabyd/html/wp-content/themes/ikigai/ikigai-functions.php(205): require()
  #4 /Users/dabyd/www/dabyd/html/wp-content/themes/ikigai/ikigai-functions.php(191): ikg_load_modul()
  #5 /Users/dabyd/www/dabyd/html/wp-content/themes/ikigai/index.php(13): ikg_pinta_pagina_acf()
  #6 /Users/dabyd/www/dabyd/html/wp-content/themes/ikigai/page.php(2): require_once()
  #7 /Users/dabyd/www/dabyd/html/wp-includes/template-loader.php(125): include()
  #8 /Users/dabyd/www/dabyd/html/wp-blog-header.php(19): require_once()
  #9 /Users/dabyd/www/dabyd/html/index.php(17): require()
--------------------------------------------------------------------------------

[2026-01-03 12:01:56] EXCEPTION: Call to undefined function ikg_media() in /Users/dabyd/www/dabyd/html/wp-content/themes/ikigai/moduls/hero/opcio1.php on line 19
Stack trace:
  #0 /Users/dabyd/www/dabyd/html/wp-content/themes/ikigai/moduls/hero/modul.php(3): require_once()
  #1 /Users/dabyd/www/dabyd/html/wp-content/themes/ikigai/ikigai-functions.php(210): require()
  #2 /Users/dabyd/www/dabyd/html/wp-content/themes/ikigai/ikigai-functions.php(195): ikg_load_modul()
  #3 /Users/dabyd/www/dabyd/html/wp-content/themes/ikigai/index.php(13): ikg_pinta_pagina_acf()
  #4 /Users/dabyd/www/dabyd/html/wp-content/themes/ikigai/page.php(2): require_once()
  #5 /Users/dabyd/www/dabyd/html/wp-includes/template-loader.php(125): include()
  #6 /Users/dabyd/www/dabyd/html/wp-blog-header.php(19): require_once()
  #7 /Users/dabyd/www/dabyd/html/index.php(17): require()
--------------------------------------------------------------------------------

[2026-01-03 12:02:07] EXCEPTION: Call to undefined function ikg_media() in /Users/dabyd/www/dabyd/html/wp-content/themes/ikigai/moduls/hero/opcio1.php on line 19
Stack trace:
  #0 /Users/dabyd/www/dabyd/html/wp-content/themes/ikigai/moduls/hero/modul.php(3): require_once()
  #1 /Users/dabyd/www/dabyd/html/wp-content/themes/ikigai/ikigai-functions.php(210): require()
  #2 /Users/dabyd/www/dabyd/html/wp-content/themes/ikigai/ikigai-functions.php(195): ikg_load_modul()
  #3 /Users/dabyd/www/dabyd/html/wp-content/themes/ikigai/index.php(13): ikg_pinta_pagina_acf()
  #4 /Users/dabyd/www/dabyd/html/wp-content/themes/ikigai/page.php(2): require_once()
  #5 /Users/dabyd/www/dabyd/html/wp-includes/template-loader.php(125): include()
  #6 /Users/dabyd/www/dabyd/html/wp-blog-header.php(19): require_once()
  #7 /Users/dabyd/www/dabyd/html/index.php(17): require()
--------------------------------------------------------------------------------

